# JRE version: Java(TM) SE Runtime Environment (8.0_152-b16) (build 1.8.0_152-b16)
# Java VM: Java HotSpot(TM) 64-Bit Server VM (25.152-b16 mixed mode windows-amd64 compressed oops)
Heap:
 PSYoungGen      total 242176K, used 203366K [0x00000000f0000000, 0x0000000100000000, 0x0000000100000000)
  eden space 224256K, 87% used [0x00000000f0000000,0x00000000fc005f90,0x00000000fdb00000)
  from space 17920K, 37% used [0x00000000fee80000,0x00000000ff513958,0x0000000100000000)
  to   space 18944K, 0% used [0x00000000fdb00000,0x00000000fdb00000,0x00000000fed80000)
 ParOldGen       total 524288K, used 17301K [0x00000000d0000000, 0x00000000f0000000, 0x00000000f0000000)
  object space 524288K, 3% used [0x00000000d0000000,0x00000000d10e5498,0x00000000f0000000)
 Metaspace       used 27818K, capacity 28430K, committed 28720K, reserved 1075200K
  class space    used 3382K, capacity 3519K, committed 3632K, reserved 1048576K
GC Heap History (10 events):
Event: 2.429 GC heap before
{Heap before GC invocations=3 (full 0):
 PSYoungGen      total 229376K, used 209603K [0x00000000f0000000, 0x0000000100000000, 0x0000000100000000)
  eden space 196608K, 100% used [0x00000000f0000000,0x00000000fc000000,0x00000000fc000000)
  from space 32768K, 39% used [0x00000000fe000000,0x00000000fecb0f30,0x0000000100000000)
  to   space 32768K, 0% used [0x00000000fc000000,0x00000000fc000000,0x00000000fe000000)
 ParOldGen       total 524288K, used 32K [0x00000000d0000000, 0x00000000f0000000, 0x00000000f0000000)
  object space 524288K, 0% used [0x00000000d0000000,0x00000000d0008000,0x00000000f0000000)
 Metaspace       used 16564K, capacity 16856K, committed 17152K, reserved 1064960K
  class space    used 1886K, capacity 1973K, committed 2048K, reserved 1048576K
Event: 2.437 GC heap after
Heap after GC invocations=3 (full 0):
 PSYoungGen      total 229376K, used 10872K [0x00000000f0000000, 0x0000000100000000, 0x0000000100000000)
  eden space 196608K, 0% used [0x00000000f0000000,0x00000000f0000000,0x00000000fc000000)
  from space 32768K, 33% used [0x00000000fc000000,0x00000000fca9e138,0x00000000fe000000)
  to   space 32768K, 0% used [0x00000000fe000000,0x00000000fe000000,0x0000000100000000)
 ParOldGen       total 524288K, used 40K [0x00000000d0000000, 0x00000000f0000000, 0x00000000f0000000)
  object space 524288K, 0% used [0x00000000d0000000,0x00000000d000a000,0x00000000f0000000)
 Metaspace       used 16564K, capacity 16856K, committed 17152K, reserved 1064960K
  class space    used 1886K, capacity 1973K, committed 2048K, reserved 1048576K
}
Event: 3.026 GC heap before
{Heap before GC invocations=4 (full 0):
 PSYoungGen      total 229376K, used 207480K [0x00000000f0000000, 0x0000000100000000, 0x0000000100000000)
  eden space 196608K, 100% used [0x00000000f0000000,0x00000000fc000000,0x00000000fc000000)
  from space 32768K, 33% used [0x00000000fc000000,0x00000000fca9e138,0x00000000fe000000)
  to   space 32768K, 0% used [0x00000000fe000000,0x00000000fe000000,0x0000000100000000)
 ParOldGen       total 524288K, used 40K [0x00000000d0000000, 0x00000000f0000000, 0x00000000f0000000)
  object space 524288K, 0% used [0x00000000d0000000,0x00000000d000a000,0x00000000f0000000)
 Metaspace       used 18265K, capacity 18668K, committed 18944K, reserved 1067008K
  class space    used 2131K, capacity 2254K, committed 2304K, reserved 1048576K
Event: 3.036 GC heap after
Heap after GC invocations=4 (full 0):
 PSYoungGen      total 229376K, used 13285K [0x00000000f0000000, 0x0000000100000000, 0x0000000100000000)
  eden space 196608K, 0% used [0x00000000f0000000,0x00000000f0000000,0x00000000fc000000)
  from space 32768K, 40% used [0x00000000fe000000,0x00000000fecf97a0,0x0000000100000000)
  to   space 32768K, 0% used [0x00000000fc000000,0x00000000fc000000,0x00000000fe000000)
 ParOldGen       total 524288K, used 67K [0x00000000d0000000, 0x00000000f0000000, 0x00000000f0000000)
  object space 524288K, 0% used [0x00000000d0000000,0x00000000d0010c50,0x00000000f0000000)
 Metaspace       used 18265K, capacity 18668K, committed 18944K, reserved 1067008K
  class space    used 2131K, capacity 2254K, committed 2304K, reserved 1048576K
}
Event: 3.240 GC heap before
{Heap before GC invocations=5 (full 0):
 PSYoungGen      total 229376K, used 83077K [0x00000000f0000000, 0x0000000100000000, 0x0000000100000000)
  eden space 196608K, 35% used [0x00000000f0000000,0x00000000f4428040,0x00000000fc000000)
  from space 32768K, 40% used [0x00000000fe000000,0x00000000fecf97a0,0x0000000100000000)
  to   space 32768K, 0% used [0x00000000fc000000,0x00000000fc000000,0x00000000fe000000)
 ParOldGen       total 524288K, used 67K [0x00000000d0000000, 0x00000000f0000000, 0x00000000f0000000)
  object space 524288K, 0% used [0x00000000d0000000,0x00000000d0010c50,0x00000000f0000000)
 Metaspace       used 20747K, capacity 21216K, committed 21296K, reserved 1069056K
  class space    used 2481K, capacity 2586K, committed 2608K, reserved 1048576K
Event: 3.254 GC heap after
Heap after GC invocations=5 (full 0):
 PSYoungGen      total 229376K, used 17580K [0x00000000f0000000, 0x0000000100000000, 0x0000000100000000)
  eden space 196608K, 0% used [0x00000000f0000000,0x00000000f0000000,0x00000000fc000000)
  from space 32768K, 53% used [0x00000000fc000000,0x00000000fd12b070,0x00000000fe000000)
  to   space 17920K, 0% used [0x00000000fee80000,0x00000000fee80000,0x0000000100000000)
 ParOldGen       total 524288K, used 75K [0x00000000d0000000, 0x00000000f0000000, 0x00000000f0000000)
  object space 524288K, 0% used [0x00000000d0000000,0x00000000d0012c50,0x00000000f0000000)
 Metaspace       used 20747K, capacity 21216K, committed 21296K, reserved 1069056K
  class space    used 2481K, capacity 2586K, committed 2608K, reserved 1048576K
}
Event: 3.254 GC heap before
{Heap before GC invocations=6 (full 1):
 PSYoungGen      total 229376K, used 17580K [0x00000000f0000000, 0x0000000100000000, 0x0000000100000000)
  eden space 196608K, 0% used [0x00000000f0000000,0x00000000f0000000,0x00000000fc000000)
  from space 32768K, 53% used [0x00000000fc000000,0x00000000fd12b070,0x00000000fe000000)
  to   space 17920K, 0% used [0x00000000fee80000,0x00000000fee80000,0x0000000100000000)
 ParOldGen       total 524288K, used 75K [0x00000000d0000000, 0x00000000f0000000, 0x00000000f0000000)
  object space 524288K, 0% used [0x00000000d0000000,0x00000000d0012c50,0x00000000f0000000)
 Metaspace       used 20747K, capacity 21216K, committed 21296K, reserved 1069056K
  class space    used 2481K, capacity 2586K, committed 2608K, reserved 1048576K
Event: 3.331 GC heap after
Heap after GC invocations=6 (full 1):
 PSYoungGen      total 229376K, used 0K [0x00000000f0000000, 0x0000000100000000, 0x0000000100000000)
  eden space 196608K, 0% used [0x00000000f0000000,0x00000000f0000000,0x00000000fc000000)
  from space 32768K, 0% used [0x00000000fc000000,0x00000000fc000000,0x00000000fe000000)
  to   space 17920K, 0% used [0x00000000fee80000,0x00000000fee80000,0x0000000100000000)
 ParOldGen       total 524288K, used 17293K [0x00000000d0000000, 0x00000000f0000000, 0x00000000f0000000)
  object space 524288K, 3% used [0x00000000d0000000,0x00000000d10e3498,0x00000000f0000000)
 Metaspace       used 20747K, capacity 21216K, committed 21296K, reserved 1069056K
  class space    used 2481K, capacity 2586K, committed 2608K, reserved 1048576K
}
Event: 3.800 GC heap before
{Heap before GC invocations=7 (full 1):
 PSYoungGen      total 229376K, used 196608K [0x00000000f0000000, 0x0000000100000000, 0x0000000100000000)
  eden space 196608K, 100% used [0x00000000f0000000,0x00000000fc000000,0x00000000fc000000)
  from space 32768K, 0% used [0x00000000fc000000,0x00000000fc000000,0x00000000fe000000)
  to   space 17920K, 0% used [0x00000000fee80000,0x00000000fee80000,0x0000000100000000)
 ParOldGen       total 524288K, used 17293K [0x00000000d0000000, 0x00000000f0000000, 0x00000000f0000000)
  object space 524288K, 3% used [0x00000000d0000000,0x00000000d10e3498,0x00000000f0000000)
 Metaspace       used 25369K, capacity 25890K, committed 26032K, reserved 1073152K
  class space    used 3064K, capacity 3180K, committed 3248K, reserved 1048576K
Event: 3.807 GC heap after
Heap after GC invocations=7 (full 1):
 PSYoungGen      total 242176K, used 6734K [0x00000000f0000000, 0x0000000100000000, 0x0000000100000000)
  eden space 224256K, 0% used [0x00000000f0000000,0x00000000f0000000,0x00000000fdb00000)
  from space 17920K, 37% used [0x00000000fee80000,0x00000000ff513958,0x0000000100000000)
  to   space 18944K, 0% used [0x00000000fdb00000,0x00000000fdb00000,0x00000000fed80000)
 ParOldGen       total 524288K, used 17301K [0x00000000d0000000, 0x00000000f0000000, 0x00000000f0000000)
  object space 524288K, 3% used [0x00000000d0000000,0x00000000d10e5498,0x00000000f0000000)
 Metaspace       used 25369K, capacity 25890K, committed 26032K, reserved 1073152K
  class space    used 3064K, capacity 3180K, committed 3248K, reserved 1048576K
}

