# JRE version: Java(TM) SE Runtime Environment (8.0_152-b16) (build 1.8.0_152-b16)
# Java VM: Java HotSpot(TM) 64-Bit Server VM (25.152-b16 mixed mode windows-amd64 compressed oops)
Heap:
 PSYoungGen      total 242176K, used 203313K [0x00000000f0000000, 0x0000000100000000, 0x0000000100000000)
  eden space 224256K, 87% used [0x00000000f0000000,0x00000000fc0088a0,0x00000000fdb00000)
  from space 17920K, 37% used [0x00000000fee80000,0x00000000ff503f40,0x0000000100000000)
  to   space 18944K, 0% used [0x00000000fdb00000,0x00000000fdb00000,0x00000000fed80000)
 ParOldGen       total 524288K, used 17345K [0x00000000d0000000, 0x00000000f0000000, 0x00000000f0000000)
  object space 524288K, 3% used [0x00000000d0000000,0x00000000d10f0530,0x00000000f0000000)
 Metaspace       used 27775K, capacity 28366K, committed 28720K, reserved 1075200K
  class space    used 3387K, capacity 3519K, committed 3632K, reserved 1048576K
GC Heap History (10 events):
Event: 2.507 GC heap before
{Heap before GC invocations=3 (full 0):
 PSYoungGen      total 229376K, used 209607K [0x00000000f0000000, 0x0000000100000000, 0x0000000100000000)
  eden space 196608K, 100% used [0x00000000f0000000,0x00000000fc000000,0x00000000fc000000)
  from space 32768K, 39% used [0x00000000fe000000,0x00000000fecb1cb8,0x0000000100000000)
  to   space 32768K, 0% used [0x00000000fc000000,0x00000000fc000000,0x00000000fe000000)
 ParOldGen       total 524288K, used 32K [0x00000000d0000000, 0x00000000f0000000, 0x00000000f0000000)
  object space 524288K, 0% used [0x00000000d0000000,0x00000000d0008000,0x00000000f0000000)
 Metaspace       used 16556K, capacity 16856K, committed 17152K, reserved 1064960K
  class space    used 1886K, capacity 1973K, committed 2048K, reserved 1048576K
Event: 2.516 GC heap after
Heap after GC invocations=3 (full 0):
 PSYoungGen      total 229376K, used 10904K [0x00000000f0000000, 0x0000000100000000, 0x0000000100000000)
  eden space 196608K, 0% used [0x00000000f0000000,0x00000000f0000000,0x00000000fc000000)
  from space 32768K, 33% used [0x00000000fc000000,0x00000000fcaa60f8,0x00000000fe000000)
  to   space 32768K, 0% used [0x00000000fe000000,0x00000000fe000000,0x0000000100000000)
 ParOldGen       total 524288K, used 40K [0x00000000d0000000, 0x00000000f0000000, 0x00000000f0000000)
  object space 524288K, 0% used [0x00000000d0000000,0x00000000d000a000,0x00000000f0000000)
 Metaspace       used 16556K, capacity 16856K, committed 17152K, reserved 1064960K
  class space    used 1886K, capacity 1973K, committed 2048K, reserved 1048576K
}
Event: 3.141 GC heap before
{Heap before GC invocations=4 (full 0):
 PSYoungGen      total 229376K, used 207512K [0x00000000f0000000, 0x0000000100000000, 0x0000000100000000)
  eden space 196608K, 100% used [0x00000000f0000000,0x00000000fc000000,0x00000000fc000000)
  from space 32768K, 33% used [0x00000000fc000000,0x00000000fcaa60f8,0x00000000fe000000)
  to   space 32768K, 0% used [0x00000000fe000000,0x00000000fe000000,0x0000000100000000)
 ParOldGen       total 524288K, used 40K [0x00000000d0000000, 0x00000000f0000000, 0x00000000f0000000)
  object space 524288K, 0% used [0x00000000d0000000,0x00000000d000a000,0x00000000f0000000)
 Metaspace       used 18234K, capacity 18604K, committed 18688K, reserved 1064960K
  class space    used 2131K, capacity 2254K, committed 2304K, reserved 1048576K
Event: 3.152 GC heap after
Heap after GC invocations=4 (full 0):
 PSYoungGen      total 229376K, used 13270K [0x00000000f0000000, 0x0000000100000000, 0x0000000100000000)
  eden space 196608K, 0% used [0x00000000f0000000,0x00000000f0000000,0x00000000fc000000)
  from space 32768K, 40% used [0x00000000fe000000,0x00000000fecf5af0,0x0000000100000000)
  to   space 32768K, 0% used [0x00000000fc000000,0x00000000fc000000,0x00000000fe000000)
 ParOldGen       total 524288K, used 75K [0x00000000d0000000, 0x00000000f0000000, 0x00000000f0000000)
  object space 524288K, 0% used [0x00000000d0000000,0x00000000d0012c50,0x00000000f0000000)
 Metaspace       used 18234K, capacity 18604K, committed 18688K, reserved 1064960K
  class space    used 2131K, capacity 2254K, committed 2304K, reserved 1048576K
}
Event: 3.338 GC heap before
{Heap before GC invocations=5 (full 0):
 PSYoungGen      total 229376K, used 83103K [0x00000000f0000000, 0x0000000100000000, 0x0000000100000000)
  eden space 196608K, 35% used [0x00000000f0000000,0x00000000f4432130,0x00000000fc000000)
  from space 32768K, 40% used [0x00000000fe000000,0x00000000fecf5af0,0x0000000100000000)
  to   space 32768K, 0% used [0x00000000fc000000,0x00000000fc000000,0x00000000fe000000)
 ParOldGen       total 524288K, used 75K [0x00000000d0000000, 0x00000000f0000000, 0x00000000f0000000)
  object space 524288K, 0% used [0x00000000d0000000,0x00000000d0012c50,0x00000000f0000000)
 Metaspace       used 20728K, capacity 21216K, committed 21296K, reserved 1069056K
  class space    used 2480K, capacity 2586K, committed 2608K, reserved 1048576K
Event: 3.351 GC heap after
Heap after GC invocations=5 (full 0):
 PSYoungGen      total 229376K, used 17513K [0x00000000f0000000, 0x0000000100000000, 0x0000000100000000)
  eden space 196608K, 0% used [0x00000000f0000000,0x00000000f0000000,0x00000000fc000000)
  from space 32768K, 53% used [0x00000000fc000000,0x00000000fd11a7e0,0x00000000fe000000)
  to   space 17920K, 0% used [0x00000000fee80000,0x00000000fee80000,0x0000000100000000)
 ParOldGen       total 524288K, used 83K [0x00000000d0000000, 0x00000000f0000000, 0x00000000f0000000)
  object space 524288K, 0% used [0x00000000d0000000,0x00000000d0014c50,0x00000000f0000000)
 Metaspace       used 20728K, capacity 21216K, committed 21296K, reserved 1069056K
  class space    used 2480K, capacity 2586K, committed 2608K, reserved 1048576K
}
Event: 3.351 GC heap before
{Heap before GC invocations=6 (full 1):
 PSYoungGen      total 229376K, used 17513K [0x00000000f0000000, 0x0000000100000000, 0x0000000100000000)
  eden space 196608K, 0% used [0x00000000f0000000,0x00000000f0000000,0x00000000fc000000)
  from space 32768K, 53% used [0x00000000fc000000,0x00000000fd11a7e0,0x00000000fe000000)
  to   space 17920K, 0% used [0x00000000fee80000,0x00000000fee80000,0x0000000100000000)
 ParOldGen       total 524288K, used 83K [0x00000000d0000000, 0x00000000f0000000, 0x00000000f0000000)
  object space 524288K, 0% used [0x00000000d0000000,0x00000000d0014c50,0x00000000f0000000)
 Metaspace       used 20728K, capacity 21216K, committed 21296K, reserved 1069056K
  class space    used 2480K, capacity 2586K, committed 2608K, reserved 1048576K
Event: 3.424 GC heap after
Heap after GC invocations=6 (full 1):
 PSYoungGen      total 229376K, used 0K [0x00000000f0000000, 0x0000000100000000, 0x0000000100000000)
  eden space 196608K, 0% used [0x00000000f0000000,0x00000000f0000000,0x00000000fc000000)
  from space 32768K, 0% used [0x00000000fc000000,0x00000000fc000000,0x00000000fe000000)
  to   space 17920K, 0% used [0x00000000fee80000,0x00000000fee80000,0x0000000100000000)
 ParOldGen       total 524288K, used 17273K [0x00000000d0000000, 0x00000000f0000000, 0x00000000f0000000)
  object space 524288K, 3% used [0x00000000d0000000,0x00000000d10de520,0x00000000f0000000)
 Metaspace       used 20728K, capacity 21216K, committed 21296K, reserved 1069056K
  class space    used 2480K, capacity 2586K, committed 2608K, reserved 1048576K
}
Event: 3.949 GC heap before
{Heap before GC invocations=7 (full 1):
 PSYoungGen      total 229376K, used 196608K [0x00000000f0000000, 0x0000000100000000, 0x0000000100000000)
  eden space 196608K, 100% used [0x00000000f0000000,0x00000000fc000000,0x00000000fc000000)
  from space 32768K, 0% used [0x00000000fc000000,0x00000000fc000000,0x00000000fe000000)
  to   space 17920K, 0% used [0x00000000fee80000,0x00000000fee80000,0x0000000100000000)
 ParOldGen       total 524288K, used 17273K [0x00000000d0000000, 0x00000000f0000000, 0x00000000f0000000)
  object space 524288K, 3% used [0x00000000d0000000,0x00000000d10de520,0x00000000f0000000)
 Metaspace       used 25334K, capacity 25922K, committed 26032K, reserved 1073152K
  class space    used 3069K, capacity 3212K, committed 3248K, reserved 1048576K
Event: 3.957 GC heap after
Heap after GC invocations=7 (full 1):
 PSYoungGen      total 242176K, used 6671K [0x00000000f0000000, 0x0000000100000000, 0x0000000100000000)
  eden space 224256K, 0% used [0x00000000f0000000,0x00000000f0000000,0x00000000fdb00000)
  from space 17920K, 37% used [0x00000000fee80000,0x00000000ff503f40,0x0000000100000000)
  to   space 18944K, 0% used [0x00000000fdb00000,0x00000000fdb00000,0x00000000fed80000)
 ParOldGen       total 524288K, used 17345K [0x00000000d0000000, 0x00000000f0000000, 0x00000000f0000000)
  object space 524288K, 3% used [0x00000000d0000000,0x00000000d10f0530,0x00000000f0000000)
 Metaspace       used 25334K, capacity 25922K, committed 26032K, reserved 1073152K
  class space    used 3069K, capacity 3212K, committed 3248K, reserved 1048576K
}

